<?xml version="1.0" encoding="UTF-8"?>
<testng-results skipped="0" failed="0" ignored="0" total="1" passed="1">
  <reporter-output>
  </reporter-output>
  <suite name="Default suite" duration-ms="44060" started-at="2022-10-18T09:48:27 IST" finished-at="2022-10-18T09:49:11 IST">
    <groups>
    </groups>
    <test name="Default test" duration-ms="44060" started-at="2022-10-18T09:48:27 IST" finished-at="2022-10-18T09:49:11 IST">
      <class name="TestNG.AutomationFlipkart">
        <test-method status="PASS" signature="beforeMethod()[pri:0, instance:TestNG.AutomationFlipkart@24a35978]" name="beforeMethod" is-config="true" duration-ms="5438" started-at="2022-10-18T09:48:27 IST" finished-at="2022-10-18T09:48:32 IST">
          <reporter-output>
          </reporter-output>
        </test-method> <!-- beforeMethod -->
        <test-method status="PASS" signature="f()[pri:0, instance:TestNG.AutomationFlipkart@24a35978]" name="f" duration-ms="38539" started-at="2022-10-18T09:48:32 IST" finished-at="2022-10-18T09:49:11 IST">
          <reporter-output>
          </reporter-output>
        </test-method> <!-- f -->
      </class> <!-- TestNG.AutomationFlipkart -->
    </test> <!-- Default test -->
  </suite> <!-- Default suite -->
</testng-results>
